{"contracts/DeFiLiquidityPool.sol":{"l":{"63":12,"64":2,"69":11,"70":11,"74":23,"75":22,"87":1,"88":1,"89":1,"91":1,"92":1,"93":1,"94":1,"111":10,"114":10,"115":10,"118":10,"119":10,"120":10,"122":0,"128":10,"129":10,"132":10,"133":10,"134":10,"135":10,"137":10,"153":0,"154":0,"157":0,"158":0,"159":0,"161":0,"162":0,"165":0,"166":0,"167":0,"168":0,"171":0,"172":0,"174":0,"191":11,"192":11,"195":11,"198":11,"199":11,"200":11,"203":11,"204":11,"206":11,"207":11,"210":11,"211":11,"214":10,"217":10,"218":10,"219":8,"220":8,"221":8,"222":8,"224":2,"225":2,"226":2,"227":2,"231":10,"233":10,"243":11,"244":11,"247":11,"250":11,"251":11,"253":11,"254":10,"255":10,"263":10,"265":0,"268":0,"269":0,"273":0,"274":0,"283":0,"284":0,"287":0,"288":0,"290":0,"291":0,"293":0,"295":0,"303":18,"304":18,"318":1,"320":1,"324":1,"327":1,"328":1,"330":0,"334":1,"340":1,"344":1,"353":1,"354":1,"361":0,"368":0,"377":0,"378":0,"379":0,"380":0,"387":0,"388":0,"390":0,"391":0,"393":0,"394":0,"403":3,"404":3,"413":4,"423":1,"425":1,"426":1,"428":1,"429":1,"441":1,"443":1,"444":1,"445":1,"446":1},"path":"/Users/domoblock/Documents/Projycto/Lab/web3-mini-projects/01-defi-liquidity-pool/contracts/DeFiLiquidityPool.sol","s":{"1":12,"2":2,"3":23,"4":1,"5":1,"6":1,"7":10,"8":10,"9":10,"10":10,"11":10,"12":10,"13":10,"14":0,"15":0,"16":0,"17":0,"18":0,"19":0,"20":0,"21":0,"22":11,"23":11,"24":11,"25":11,"26":11,"27":11,"28":11,"29":11,"30":11,"31":11,"32":11,"33":10,"34":10,"35":10,"36":8,"37":2,"38":10,"39":10,"40":11,"41":11,"42":11,"43":11,"44":11,"45":11,"46":10,"47":10,"48":10,"49":0,"50":0,"51":0,"52":0,"53":0,"54":0,"55":0,"56":0,"57":0,"58":0,"59":18,"60":0,"61":18,"62":1,"63":1,"64":1,"65":1,"66":1,"67":0,"68":1,"69":1,"70":1,"71":1,"72":0,"73":0,"74":0,"75":0,"76":0,"77":0,"78":0,"79":0,"80":0,"81":0,"82":4,"83":1,"84":1,"85":1,"86":1,"87":1,"88":1},"b":{"1":[2,10],"2":[1,1],"3":[22,1],"4":[1,0],"5":[1,0],"6":[1,0],"7":[10,0],"8":[10,0],"9":[10,0],"10":[10,0],"11":[10,0],"12":[10,0],"13":[10,0],"14":[0,0],"15":[0,0],"16":[0,0],"17":[0,0],"18":[0,0],"19":[13,0],"20":[13,0],"21":[12,1],"22":[11,1],"23":[11,0],"24":[11,0],"25":[9,2],"26":[9,2],"27":[9,2],"28":[11,0],"29":[11,0],"30":[10,1],"31":[8,2],"32":[4,7],"33":[2,9],"34":[10,1],"35":[10,0],"36":[0,0],"37":[0,0],"38":[0,18],"39":[1,0],"40":[1,0],"41":[1,0],"42":[1,0],"43":[1,0],"44":[1,0],"45":[1,0],"46":[1,0],"47":[0,0],"48":[0,0],"49":[0,0],"50":[0,0],"51":[0,0],"52":[0,0],"53":[0,0],"54":[3,0],"55":[1,0],"56":[1,0],"57":[1,0],"58":[1,0]},"f":{"1":12,"2":23,"3":1,"4":10,"5":0,"6":11,"7":11,"8":10,"9":0,"10":18,"11":1,"12":1,"13":0,"14":0,"15":0,"16":0,"17":3,"18":4,"19":1,"20":1},"fnMap":{"1":{"name":"noFrontRun","line":62,"loc":{"start":{"line":62,"column":4},"end":{"line":71,"column":4}}},"2":{"name":"notInEmergency","line":73,"loc":{"start":{"line":73,"column":4},"end":{"line":76,"column":4}}},"3":{"name":"constructor","line":86,"loc":{"start":{"line":82,"column":4},"end":{"line":95,"column":4}}},"4":{"name":"addLiquidity","line":110,"loc":{"start":{"line":106,"column":4},"end":{"line":138,"column":4}}},"5":{"name":"removeLiquidity","line":152,"loc":{"start":{"line":148,"column":4},"end":{"line":175,"column":4}}},"6":{"name":"swap","line":190,"loc":{"start":{"line":186,"column":4},"end":{"line":234,"column":4}}},"7":{"name":"_updateDynamicFees","line":241,"loc":{"start":{"line":241,"column":4},"end":{"line":257,"column":4}}},"8":{"name":"_checkAndTriggerRebalance","line":262,"loc":{"start":{"line":262,"column":4},"end":{"line":276,"column":4}}},"9":{"name":"_executeRebalance","line":281,"loc":{"start":{"line":281,"column":4},"end":{"line":296,"column":4}}},"10":{"name":"getCurrentPrice","line":302,"loc":{"start":{"line":302,"column":4},"end":{"line":305,"column":4}}},"11":{"name":"flashLoan","line":317,"loc":{"start":{"line":314,"column":4},"end":{"line":345,"column":4}}},"12":{"name":"activateEmergencyMode","line":352,"loc":{"start":{"line":352,"column":4},"end":{"line":355,"column":4}}},"13":{"name":"pause","line":360,"loc":{"start":{"line":360,"column":4},"end":{"line":362,"column":4}}},"14":{"name":"unpause","line":367,"loc":{"start":{"line":367,"column":4},"end":{"line":369,"column":4}}},"15":{"name":"updateOraclePrice","line":376,"loc":{"start":{"line":376,"column":4},"end":{"line":381,"column":4}}},"16":{"name":"withdrawFees","line":386,"loc":{"start":{"line":386,"column":4},"end":{"line":395,"column":4}}},"17":{"name":"setMEVProtection","line":402,"loc":{"start":{"line":402,"column":4},"end":{"line":405,"column":4}}},"18":{"name":"getReserves","line":412,"loc":{"start":{"line":412,"column":4},"end":{"line":414,"column":4}}},"19":{"name":"getAmountOut","line":419,"loc":{"start":{"line":419,"column":4},"end":{"line":430,"column":4}}},"20":{"name":"getUserInfo","line":435,"loc":{"start":{"line":435,"column":4},"end":{"line":448,"column":4}}}},"statementMap":{"1":{"start":{"line":63,"column":8},"end":{"line":63,"column":2182}},"2":{"start":{"line":64,"column":12},"end":{"line":64,"column":2234}},"3":{"start":{"line":74,"column":8},"end":{"line":74,"column":55}},"4":{"start":{"line":87,"column":8},"end":{"line":87,"column":79}},"5":{"start":{"line":88,"column":8},"end":{"line":88,"column":79}},"6":{"start":{"line":89,"column":8},"end":{"line":89,"column":62}},"7":{"start":{"line":111,"column":8},"end":{"line":111,"column":61}},"8":{"start":{"line":114,"column":8},"end":{"line":114,"column":66}},"9":{"start":{"line":115,"column":8},"end":{"line":115,"column":66}},"10":{"start":{"line":118,"column":8},"end":{"line":118,"column":3943}},"11":{"start":{"line":128,"column":8},"end":{"line":128,"column":74}},"12":{"start":{"line":129,"column":8},"end":{"line":129,"column":55}},"13":{"start":{"line":137,"column":8},"end":{"line":137,"column":68}},"14":{"start":{"line":153,"column":8},"end":{"line":153,"column":57}},"15":{"start":{"line":154,"column":8},"end":{"line":154,"column":89}},"16":{"start":{"line":157,"column":8},"end":{"line":157,"column":50}},"17":{"start":{"line":161,"column":8},"end":{"line":161,"column":62}},"18":{"start":{"line":162,"column":8},"end":{"line":162,"column":62}},"19":{"start":{"line":171,"column":8},"end":{"line":171,"column":47}},"20":{"start":{"line":172,"column":8},"end":{"line":172,"column":47}},"21":{"start":{"line":174,"column":8},"end":{"line":174,"column":70}},"22":{"start":{"line":191,"column":8},"end":{"line":191,"column":52}},"23":{"start":{"line":192,"column":8},"end":{"line":192,"column":89}},"24":{"start":{"line":195,"column":8},"end":{"line":195,"column":27}},"25":{"start":{"line":198,"column":8},"end":{"line":198,"column":50}},"26":{"start":{"line":199,"column":8},"end":{"line":199,"column":58}},"27":{"start":{"line":200,"column":8},"end":{"line":200,"column":59}},"28":{"start":{"line":203,"column":8},"end":{"line":203,"column":97}},"29":{"start":{"line":206,"column":8},"end":{"line":206,"column":71}},"30":{"start":{"line":207,"column":8},"end":{"line":207,"column":54}},"31":{"start":{"line":210,"column":8},"end":{"line":210,"column":97}},"32":{"start":{"line":211,"column":8},"end":{"line":211,"column":77}},"33":{"start":{"line":214,"column":8},"end":{"line":214,"column":76}},"34":{"start":{"line":217,"column":8},"end":{"line":217,"column":71}},"35":{"start":{"line":218,"column":8},"end":{"line":218,"column":7986}},"36":{"start":{"line":222,"column":12},"end":{"line":222,"column":53}},"37":{"start":{"line":227,"column":12},"end":{"line":227,"column":53}},"38":{"start":{"line":231,"column":8},"end":{"line":231,"column":34}},"39":{"start":{"line":233,"column":8},"end":{"line":233,"column":105}},"40":{"start":{"line":243,"column":8},"end":{"line":243,"column":48}},"41":{"start":{"line":244,"column":8},"end":{"line":244,"column":8934}},"42":{"start":{"line":247,"column":8},"end":{"line":247,"column":64}},"43":{"start":{"line":250,"column":8},"end":{"line":250,"column":58}},"44":{"start":{"line":251,"column":8},"end":{"line":251,"column":46}},"45":{"start":{"line":253,"column":8},"end":{"line":253,"column":9290}},"46":{"start":{"line":255,"column":12},"end":{"line":255,"column":46}},"47":{"start":{"line":263,"column":8},"end":{"line":263,"column":75}},"48":{"start":{"line":263,"column":69},"end":{"line":263,"column":75}},"49":{"start":{"line":265,"column":8},"end":{"line":265,"column":34}},"50":{"start":{"line":268,"column":8},"end":{"line":268,"column":59}},"51":{"start":{"line":269,"column":8},"end":{"line":269,"column":9868}},"52":{"start":{"line":273,"column":8},"end":{"line":273,"column":10006}},"53":{"start":{"line":274,"column":12},"end":{"line":274,"column":30}},"54":{"start":{"line":283,"column":8},"end":{"line":283,"column":51}},"55":{"start":{"line":284,"column":8},"end":{"line":284,"column":51}},"56":{"start":{"line":287,"column":8},"end":{"line":287,"column":55}},"57":{"start":{"line":288,"column":8},"end":{"line":288,"column":55}},"58":{"start":{"line":295,"column":8},"end":{"line":295,"column":51}},"59":{"start":{"line":303,"column":8},"end":{"line":303,"column":45}},"60":{"start":{"line":303,"column":27},"end":{"line":303,"column":45}},"61":{"start":{"line":304,"column":8},"end":{"line":304,"column":43}},"62":{"start":{"line":318,"column":8},"end":{"line":318,"column":44}},"63":{"start":{"line":320,"column":8},"end":{"line":320,"column":11538}},"64":{"start":{"line":324,"column":8},"end":{"line":324,"column":65}},"65":{"start":{"line":327,"column":8},"end":{"line":327,"column":11774}},"66":{"start":{"line":328,"column":12},"end":{"line":328,"column":50}},"67":{"start":{"line":330,"column":12},"end":{"line":330,"column":50}},"68":{"start":{"line":334,"column":8},"end":{"line":334,"column":11968}},"69":{"start":{"line":340,"column":8},"end":{"line":340,"column":12207}},"70":{"start":{"line":344,"column":8},"end":{"line":344,"column":70}},"71":{"start":{"line":354,"column":8},"end":{"line":354,"column":37}},"72":{"start":{"line":361,"column":8},"end":{"line":361,"column":15}},"73":{"start":{"line":368,"column":8},"end":{"line":368,"column":17}},"74":{"start":{"line":377,"column":8},"end":{"line":377,"column":46}},"75":{"start":{"line":380,"column":8},"end":{"line":380,"column":42}},"76":{"start":{"line":387,"column":8},"end":{"line":387,"column":40}},"77":{"start":{"line":388,"column":8},"end":{"line":388,"column":40}},"78":{"start":{"line":393,"column":8},"end":{"line":393,"column":58}},"79":{"start":{"line":393,"column":23},"end":{"line":393,"column":57}},"80":{"start":{"line":394,"column":8},"end":{"line":394,"column":58}},"81":{"start":{"line":394,"column":23},"end":{"line":394,"column":57}},"82":{"start":{"line":413,"column":8},"end":{"line":413,"column":35}},"83":{"start":{"line":423,"column":8},"end":{"line":423,"column":52}},"84":{"start":{"line":425,"column":8},"end":{"line":425,"column":58}},"85":{"start":{"line":426,"column":8},"end":{"line":426,"column":59}},"86":{"start":{"line":428,"column":8},"end":{"line":428,"column":97}},"87":{"start":{"line":429,"column":8},"end":{"line":429,"column":81}},"88":{"start":{"line":443,"column":8},"end":{"line":443,"column":15205}}},"branchMap":{"1":{"line":63,"type":"if","locations":[{"start":{"line":63,"column":8},"end":{"line":63,"column":8}},{"start":{"line":63,"column":8},"end":{"line":63,"column":8}}]},"2":{"line":64,"type":"if","locations":[{"start":{"line":64,"column":12},"end":{"line":64,"column":12}},{"start":{"line":64,"column":12},"end":{"line":64,"column":12}}]},"3":{"line":74,"type":"if","locations":[{"start":{"line":74,"column":8},"end":{"line":74,"column":8}},{"start":{"line":74,"column":8},"end":{"line":74,"column":8}}]},"4":{"line":87,"type":"if","locations":[{"start":{"line":87,"column":8},"end":{"line":87,"column":8}},{"start":{"line":87,"column":8},"end":{"line":87,"column":8}}]},"5":{"line":88,"type":"if","locations":[{"start":{"line":88,"column":8},"end":{"line":88,"column":8}},{"start":{"line":88,"column":8},"end":{"line":88,"column":8}}]},"6":{"line":89,"type":"if","locations":[{"start":{"line":89,"column":8},"end":{"line":89,"column":8}},{"start":{"line":89,"column":8},"end":{"line":89,"column":8}}]},"7":{"line":110,"type":"if","locations":[{"start":{"line":110,"column":15},"end":{"line":110,"column":15}},{"start":{"line":110,"column":15},"end":{"line":110,"column":15}}]},"8":{"line":110,"type":"if","locations":[{"start":{"line":110,"column":28},"end":{"line":110,"column":28}},{"start":{"line":110,"column":28},"end":{"line":110,"column":28}}]},"9":{"line":110,"type":"if","locations":[{"start":{"line":110,"column":42},"end":{"line":110,"column":42}},{"start":{"line":110,"column":42},"end":{"line":110,"column":42}}]},"10":{"line":111,"type":"if","locations":[{"start":{"line":111,"column":8},"end":{"line":111,"column":8}},{"start":{"line":111,"column":8},"end":{"line":111,"column":8}}]},"11":{"line":118,"type":"if","locations":[{"start":{"line":118,"column":8},"end":{"line":118,"column":8}},{"start":{"line":118,"column":8},"end":{"line":118,"column":8}}]},"12":{"line":128,"type":"if","locations":[{"start":{"line":128,"column":8},"end":{"line":128,"column":8}},{"start":{"line":128,"column":8},"end":{"line":128,"column":8}}]},"13":{"line":129,"type":"if","locations":[{"start":{"line":129,"column":8},"end":{"line":129,"column":8}},{"start":{"line":129,"column":8},"end":{"line":129,"column":8}}]},"14":{"line":152,"type":"if","locations":[{"start":{"line":152,"column":15},"end":{"line":152,"column":15}},{"start":{"line":152,"column":15},"end":{"line":152,"column":15}}]},"15":{"line":153,"type":"if","locations":[{"start":{"line":153,"column":8},"end":{"line":153,"column":8}},{"start":{"line":153,"column":8},"end":{"line":153,"column":8}}]},"16":{"line":154,"type":"if","locations":[{"start":{"line":154,"column":8},"end":{"line":154,"column":8}},{"start":{"line":154,"column":8},"end":{"line":154,"column":8}}]},"17":{"line":161,"type":"if","locations":[{"start":{"line":161,"column":8},"end":{"line":161,"column":8}},{"start":{"line":161,"column":8},"end":{"line":161,"column":8}}]},"18":{"line":162,"type":"if","locations":[{"start":{"line":162,"column":8},"end":{"line":162,"column":8}},{"start":{"line":162,"column":8},"end":{"line":162,"column":8}}]},"19":{"line":190,"type":"if","locations":[{"start":{"line":190,"column":15},"end":{"line":190,"column":15}},{"start":{"line":190,"column":15},"end":{"line":190,"column":15}}]},"20":{"line":190,"type":"if","locations":[{"start":{"line":190,"column":28},"end":{"line":190,"column":28}},{"start":{"line":190,"column":28},"end":{"line":190,"column":28}}]},"21":{"line":190,"type":"if","locations":[{"start":{"line":190,"column":42},"end":{"line":190,"column":42}},{"start":{"line":190,"column":42},"end":{"line":190,"column":42}}]},"22":{"line":190,"type":"if","locations":[{"start":{"line":190,"column":57},"end":{"line":190,"column":57}},{"start":{"line":190,"column":57},"end":{"line":190,"column":57}}]},"23":{"line":191,"type":"if","locations":[{"start":{"line":191,"column":8},"end":{"line":191,"column":8}},{"start":{"line":191,"column":8},"end":{"line":191,"column":8}}]},"24":{"line":192,"type":"if","locations":[{"start":{"line":192,"column":8},"end":{"line":192,"column":8}},{"start":{"line":192,"column":8},"end":{"line":192,"column":8}}]},"25":{"line":192,"type":"cond-expr","locations":[{"start":{"line":192,"column":16},"end":{"line":192,"column":41}},{"start":{"line":192,"column":46},"end":{"line":192,"column":71}}]},"26":{"line":199,"type":"if","locations":[{"start":{"line":199,"column":39},"end":{"line":199,"column":46}},{"start":{"line":199,"column":50},"end":{"line":199,"column":57}}]},"27":{"line":200,"type":"if","locations":[{"start":{"line":200,"column":40},"end":{"line":200,"column":47}},{"start":{"line":200,"column":51},"end":{"line":200,"column":58}}]},"28":{"line":206,"type":"if","locations":[{"start":{"line":206,"column":8},"end":{"line":206,"column":8}},{"start":{"line":206,"column":8},"end":{"line":206,"column":8}}]},"29":{"line":207,"type":"if","locations":[{"start":{"line":207,"column":8},"end":{"line":207,"column":8}},{"start":{"line":207,"column":8},"end":{"line":207,"column":8}}]},"30":{"line":211,"type":"if","locations":[{"start":{"line":211,"column":8},"end":{"line":211,"column":8}},{"start":{"line":211,"column":8},"end":{"line":211,"column":8}}]},"31":{"line":218,"type":"if","locations":[{"start":{"line":218,"column":8},"end":{"line":218,"column":8}},{"start":{"line":218,"column":8},"end":{"line":218,"column":8}}]},"32":{"line":245,"type":"if","locations":[{"start":{"line":245,"column":12},"end":{"line":245,"column":37}},{"start":{"line":245,"column":41},"end":{"line":245,"column":66}}]},"33":{"line":251,"type":"if","locations":[{"start":{"line":251,"column":8},"end":{"line":251,"column":8}},{"start":{"line":251,"column":8},"end":{"line":251,"column":8}}]},"34":{"line":253,"type":"if","locations":[{"start":{"line":253,"column":8},"end":{"line":253,"column":8}},{"start":{"line":253,"column":8},"end":{"line":253,"column":8}}]},"35":{"line":263,"type":"if","locations":[{"start":{"line":263,"column":8},"end":{"line":263,"column":8}},{"start":{"line":263,"column":8},"end":{"line":263,"column":8}}]},"36":{"line":270,"type":"if","locations":[{"start":{"line":270,"column":12},"end":{"line":270,"column":37}},{"start":{"line":270,"column":41},"end":{"line":270,"column":66}}]},"37":{"line":273,"type":"if","locations":[{"start":{"line":273,"column":8},"end":{"line":273,"column":8}},{"start":{"line":273,"column":8},"end":{"line":273,"column":8}}]},"38":{"line":303,"type":"if","locations":[{"start":{"line":303,"column":8},"end":{"line":303,"column":8}},{"start":{"line":303,"column":8},"end":{"line":303,"column":8}}]},"39":{"line":317,"type":"if","locations":[{"start":{"line":317,"column":15},"end":{"line":317,"column":15}},{"start":{"line":317,"column":15},"end":{"line":317,"column":15}}]},"40":{"line":318,"type":"if","locations":[{"start":{"line":318,"column":8},"end":{"line":318,"column":8}},{"start":{"line":318,"column":8},"end":{"line":318,"column":8}}]},"41":{"line":321,"type":"if","locations":[{"start":{"line":321,"column":12},"end":{"line":321,"column":42}},{"start":{"line":322,"column":12},"end":{"line":322,"column":42}}]},"42":{"line":324,"type":"if","locations":[{"start":{"line":324,"column":8},"end":{"line":324,"column":8}},{"start":{"line":324,"column":8},"end":{"line":324,"column":8}}]},"43":{"line":327,"type":"if","locations":[{"start":{"line":327,"column":8},"end":{"line":327,"column":8}},{"start":{"line":327,"column":8},"end":{"line":327,"column":8}}]},"44":{"line":341,"type":"if","locations":[{"start":{"line":341,"column":12},"end":{"line":341,"column":42}},{"start":{"line":342,"column":12},"end":{"line":342,"column":42}}]},"45":{"line":344,"type":"if","locations":[{"start":{"line":344,"column":8},"end":{"line":344,"column":8}},{"start":{"line":344,"column":8},"end":{"line":344,"column":8}}]},"46":{"line":352,"type":"if","locations":[{"start":{"line":352,"column":46},"end":{"line":352,"column":46}},{"start":{"line":352,"column":46},"end":{"line":352,"column":46}}]},"47":{"line":360,"type":"if","locations":[{"start":{"line":360,"column":30},"end":{"line":360,"column":30}},{"start":{"line":360,"column":30},"end":{"line":360,"column":30}}]},"48":{"line":367,"type":"if","locations":[{"start":{"line":367,"column":32},"end":{"line":367,"column":32}},{"start":{"line":367,"column":32},"end":{"line":367,"column":32}}]},"49":{"line":376,"type":"if","locations":[{"start":{"line":376,"column":59},"end":{"line":376,"column":59}},{"start":{"line":376,"column":59},"end":{"line":376,"column":59}}]},"50":{"line":377,"type":"if","locations":[{"start":{"line":377,"column":8},"end":{"line":377,"column":8}},{"start":{"line":377,"column":8},"end":{"line":377,"column":8}}]},"51":{"line":386,"type":"if","locations":[{"start":{"line":386,"column":37},"end":{"line":386,"column":37}},{"start":{"line":386,"column":37},"end":{"line":386,"column":37}}]},"52":{"line":393,"type":"if","locations":[{"start":{"line":393,"column":8},"end":{"line":393,"column":8}},{"start":{"line":393,"column":8},"end":{"line":393,"column":8}}]},"53":{"line":394,"type":"if","locations":[{"start":{"line":394,"column":8},"end":{"line":394,"column":8}},{"start":{"line":394,"column":8},"end":{"line":394,"column":8}}]},"54":{"line":402,"type":"if","locations":[{"start":{"line":402,"column":86},"end":{"line":402,"column":86}},{"start":{"line":402,"column":86},"end":{"line":402,"column":86}}]},"55":{"line":423,"type":"if","locations":[{"start":{"line":423,"column":8},"end":{"line":423,"column":8}},{"start":{"line":423,"column":8},"end":{"line":423,"column":8}}]},"56":{"line":425,"type":"if","locations":[{"start":{"line":425,"column":39},"end":{"line":425,"column":46}},{"start":{"line":425,"column":50},"end":{"line":425,"column":57}}]},"57":{"line":426,"type":"if","locations":[{"start":{"line":426,"column":40},"end":{"line":426,"column":47}},{"start":{"line":426,"column":51},"end":{"line":426,"column":58}}]},"58":{"line":443,"type":"if","locations":[{"start":{"line":443,"column":8},"end":{"line":443,"column":8}},{"start":{"line":443,"column":8},"end":{"line":443,"column":8}}]}}},"contracts/interfaces/ILiquidityPool.sol":{"l":{},"path":"/Users/domoblock/Documents/Projycto/Lab/web3-mini-projects/01-defi-liquidity-pool/contracts/interfaces/ILiquidityPool.sol","s":{},"b":{},"f":{},"fnMap":{},"statementMap":{},"branchMap":{}},"contracts/libraries/LiquidityMath.sol":{"l":{"29":23,"30":23,"32":23,"33":23,"34":23,"49":0,"50":0,"51":0,"53":0,"54":0,"55":0,"72":11,"73":11,"76":11,"79":11,"80":11,"81":11,"83":11,"85":11,"88":11,"89":0,"91":11,"105":0,"106":0,"117":10,"118":10,"119":10,"120":10,"121":750,"122":750,"125":0,"136":0,"146":0,"166":0,"167":0,"170":0,"171":0,"172":0,"174":0,"175":0,"189":0,"190":0,"193":0,"194":0,"195":0,"196":0,"198":0,"200":0,"201":0,"203":0,"219":0,"220":0,"223":0,"224":0,"225":0,"235":0,"236":0,"249":0,"251":0,"252":0,"255":0,"256":0,"269":0,"270":0},"path":"/Users/domoblock/Documents/Projycto/Lab/web3-mini-projects/01-defi-liquidity-pool/contracts/libraries/LiquidityMath.sol","s":{"1":23,"2":23,"3":23,"4":23,"5":0,"6":0,"7":0,"8":0,"9":0,"10":11,"11":11,"12":11,"13":11,"14":11,"15":11,"16":11,"17":0,"18":11,"19":11,"20":0,"21":0,"22":10,"23":10,"24":10,"25":0,"26":0,"27":0,"28":0,"29":0,"30":0,"31":0,"32":0,"33":0,"34":0,"35":0,"36":0,"37":0,"38":0,"39":0,"40":0,"41":0,"42":0,"43":0,"44":0,"45":0,"46":0,"47":0,"48":0,"49":0,"50":0,"51":0,"52":0,"53":0,"54":0,"55":0},"b":{"1":[23,0],"2":[23,0],"3":[0,0],"4":[0,0],"5":[0,0],"6":[11,0],"7":[11,0],"8":[0,11],"9":[0,11],"10":[0,0],"11":[10,0],"12":[0,0],"13":[0,0],"14":[0,0],"15":[0,0],"16":[0,0],"17":[0,0],"18":[0,0],"19":[0,0],"20":[0,0],"21":[0,0],"22":[0,0],"23":[0,0],"24":[0,0],"25":[0,0]},"f":{"1":23,"2":0,"3":11,"4":0,"5":10,"6":0,"7":0,"8":0,"9":0,"10":0,"11":0,"12":0,"13":0},"fnMap":{"1":{"name":"getAmountOut","line":24,"loc":{"start":{"line":24,"column":4},"end":{"line":35,"column":4}}},"2":{"name":"getAmountIn","line":44,"loc":{"start":{"line":44,"column":4},"end":{"line":56,"column":4}}},"3":{"name":"calculatePriceImpact","line":67,"loc":{"start":{"line":67,"column":4},"end":{"line":93,"column":4}}},"4":{"name":"getPrice","line":101,"loc":{"start":{"line":101,"column":4},"end":{"line":107,"column":4}}},"5":{"name":"sqrt","line":116,"loc":{"start":{"line":116,"column":4},"end":{"line":127,"column":4}}},"6":{"name":"min","line":135,"loc":{"start":{"line":135,"column":4},"end":{"line":137,"column":4}}},"7":{"name":"max","line":145,"loc":{"start":{"line":145,"column":4},"end":{"line":147,"column":4}}},"8":{"name":"calculateOptimalLiquidity","line":160,"loc":{"start":{"line":160,"column":4},"end":{"line":177,"column":4}}},"9":{"name":"calculateImpermanentLoss","line":185,"loc":{"start":{"line":185,"column":4},"end":{"line":205,"column":4}}},"10":{"name":"calculateFeeAPR","line":214,"loc":{"start":{"line":214,"column":4},"end":{"line":226,"column":4}}},"11":{"name":"safeMul","line":234,"loc":{"start":{"line":234,"column":4},"end":{"line":237,"column":4}}},"12":{"name":"calculateSlippage","line":245,"loc":{"start":{"line":245,"column":4},"end":{"line":257,"column":4}}},"13":{"name":"calculateCapitalEfficiency","line":265,"loc":{"start":{"line":265,"column":4},"end":{"line":271,"column":4}}}},"statementMap":{"1":{"start":{"line":29,"column":8},"end":{"line":29,"column":72}},"2":{"start":{"line":30,"column":8},"end":{"line":30,"column":88}},"3":{"start":{"line":32,"column":8},"end":{"line":32,"column":49}},"4":{"start":{"line":33,"column":8},"end":{"line":33,"column":50}},"5":{"start":{"line":49,"column":8},"end":{"line":49,"column":74}},"6":{"start":{"line":50,"column":8},"end":{"line":50,"column":88}},"7":{"start":{"line":51,"column":8},"end":{"line":51,"column":81}},"8":{"start":{"line":53,"column":8},"end":{"line":53,"column":49}},"9":{"start":{"line":54,"column":8},"end":{"line":54,"column":52}},"10":{"start":{"line":72,"column":8},"end":{"line":72,"column":61}},"11":{"start":{"line":73,"column":8},"end":{"line":73,"column":82}},"12":{"start":{"line":76,"column":8},"end":{"line":76,"column":61}},"13":{"start":{"line":79,"column":8},"end":{"line":79,"column":51}},"14":{"start":{"line":80,"column":8},"end":{"line":80,"column":73}},"15":{"start":{"line":81,"column":8},"end":{"line":81,"column":54}},"16":{"start":{"line":83,"column":8},"end":{"line":83,"column":44}},"17":{"start":{"line":83,"column":32},"end":{"line":83,"column":44}},"18":{"start":{"line":85,"column":8},"end":{"line":85,"column":66}},"19":{"start":{"line":88,"column":8},"end":{"line":88,"column":3223}},"20":{"start":{"line":105,"column":8},"end":{"line":105,"column":79}},"21":{"start":{"line":106,"column":8},"end":{"line":106,"column":43}},"22":{"start":{"line":117,"column":8},"end":{"line":117,"column":4190}},"23":{"start":{"line":119,"column":12},"end":{"line":119,"column":33}},"24":{"start":{"line":120,"column":12},"end":{"line":120,"column":4273}},"25":{"start":{"line":124,"column":15},"end":{"line":124,"column":4374}},"26":{"start":{"line":136,"column":8},"end":{"line":136,"column":28}},"27":{"start":{"line":146,"column":8},"end":{"line":146,"column":28}},"28":{"start":{"line":166,"column":8},"end":{"line":166,"column":5629}},"29":{"start":{"line":167,"column":12},"end":{"line":167,"column":37}},"30":{"start":{"line":170,"column":8},"end":{"line":170,"column":64}},"31":{"start":{"line":171,"column":8},"end":{"line":171,"column":5799}},"32":{"start":{"line":172,"column":12},"end":{"line":172,"column":44}},"33":{"start":{"line":174,"column":12},"end":{"line":174,"column":68}},"34":{"start":{"line":175,"column":12},"end":{"line":175,"column":44}},"35":{"start":{"line":189,"column":8},"end":{"line":189,"column":77}},"36":{"start":{"line":190,"column":8},"end":{"line":190,"column":77}},"37":{"start":{"line":193,"column":8},"end":{"line":193,"column":70}},"38":{"start":{"line":194,"column":8},"end":{"line":194,"column":39}},"39":{"start":{"line":195,"column":8},"end":{"line":195,"column":41}},"40":{"start":{"line":196,"column":8},"end":{"line":196,"column":42}},"41":{"start":{"line":198,"column":8},"end":{"line":198,"column":56}},"42":{"start":{"line":200,"column":8},"end":{"line":200,"column":6934}},"43":{"start":{"line":219,"column":8},"end":{"line":219,"column":76}},"44":{"start":{"line":220,"column":8},"end":{"line":220,"column":62}},"45":{"start":{"line":223,"column":8},"end":{"line":223,"column":62}},"46":{"start":{"line":224,"column":8},"end":{"line":224,"column":69}},"47":{"start":{"line":235,"column":8},"end":{"line":235,"column":31}},"48":{"start":{"line":235,"column":20},"end":{"line":235,"column":31}},"49":{"start":{"line":236,"column":8},"end":{"line":236,"column":37}},"50":{"start":{"line":249,"column":8},"end":{"line":249,"column":76}},"51":{"start":{"line":251,"column":8},"end":{"line":251,"column":8734}},"52":{"start":{"line":252,"column":12},"end":{"line":252,"column":20}},"53":{"start":{"line":255,"column":8},"end":{"line":255,"column":58}},"54":{"start":{"line":269,"column":8},"end":{"line":269,"column":66}},"55":{"start":{"line":270,"column":8},"end":{"line":270,"column":52}}},"branchMap":{"1":{"line":29,"type":"if","locations":[{"start":{"line":29,"column":8},"end":{"line":29,"column":8}},{"start":{"line":29,"column":8},"end":{"line":29,"column":8}}]},"2":{"line":30,"type":"if","locations":[{"start":{"line":30,"column":8},"end":{"line":30,"column":8}},{"start":{"line":30,"column":8},"end":{"line":30,"column":8}}]},"3":{"line":49,"type":"if","locations":[{"start":{"line":49,"column":8},"end":{"line":49,"column":8}},{"start":{"line":49,"column":8},"end":{"line":49,"column":8}}]},"4":{"line":50,"type":"if","locations":[{"start":{"line":50,"column":8},"end":{"line":50,"column":8}},{"start":{"line":50,"column":8},"end":{"line":50,"column":8}}]},"5":{"line":51,"type":"if","locations":[{"start":{"line":51,"column":8},"end":{"line":51,"column":8}},{"start":{"line":51,"column":8},"end":{"line":51,"column":8}}]},"6":{"line":72,"type":"if","locations":[{"start":{"line":72,"column":8},"end":{"line":72,"column":8}},{"start":{"line":72,"column":8},"end":{"line":72,"column":8}}]},"7":{"line":73,"type":"if","locations":[{"start":{"line":73,"column":8},"end":{"line":73,"column":8}},{"start":{"line":73,"column":8},"end":{"line":73,"column":8}}]},"8":{"line":83,"type":"if","locations":[{"start":{"line":83,"column":8},"end":{"line":83,"column":8}},{"start":{"line":83,"column":8},"end":{"line":83,"column":8}}]},"9":{"line":88,"type":"if","locations":[{"start":{"line":88,"column":8},"end":{"line":88,"column":8}},{"start":{"line":88,"column":8},"end":{"line":88,"column":8}}]},"10":{"line":105,"type":"if","locations":[{"start":{"line":105,"column":8},"end":{"line":105,"column":8}},{"start":{"line":105,"column":8},"end":{"line":105,"column":8}}]},"11":{"line":117,"type":"if","locations":[{"start":{"line":117,"column":8},"end":{"line":117,"column":8}},{"start":{"line":117,"column":8},"end":{"line":117,"column":8}}]},"12":{"line":124,"type":"if","locations":[{"start":{"line":124,"column":15},"end":{"line":124,"column":15}},{"start":{"line":124,"column":15},"end":{"line":124,"column":15}}]},"13":{"line":136,"type":"if","locations":[{"start":{"line":136,"column":23},"end":{"line":136,"column":23}},{"start":{"line":136,"column":27},"end":{"line":136,"column":27}}]},"14":{"line":146,"type":"if","locations":[{"start":{"line":146,"column":23},"end":{"line":146,"column":23}},{"start":{"line":146,"column":27},"end":{"line":146,"column":27}}]},"15":{"line":166,"type":"if","locations":[{"start":{"line":166,"column":8},"end":{"line":166,"column":8}},{"start":{"line":166,"column":8},"end":{"line":166,"column":8}}]},"16":{"line":171,"type":"if","locations":[{"start":{"line":171,"column":8},"end":{"line":171,"column":8}},{"start":{"line":171,"column":8},"end":{"line":171,"column":8}}]},"17":{"line":189,"type":"if","locations":[{"start":{"line":189,"column":8},"end":{"line":189,"column":8}},{"start":{"line":189,"column":8},"end":{"line":189,"column":8}}]},"18":{"line":190,"type":"if","locations":[{"start":{"line":190,"column":8},"end":{"line":190,"column":8}},{"start":{"line":190,"column":8},"end":{"line":190,"column":8}}]},"19":{"line":200,"type":"if","locations":[{"start":{"line":200,"column":8},"end":{"line":200,"column":8}},{"start":{"line":200,"column":8},"end":{"line":200,"column":8}}]},"20":{"line":219,"type":"if","locations":[{"start":{"line":219,"column":8},"end":{"line":219,"column":8}},{"start":{"line":219,"column":8},"end":{"line":219,"column":8}}]},"21":{"line":220,"type":"if","locations":[{"start":{"line":220,"column":8},"end":{"line":220,"column":8}},{"start":{"line":220,"column":8},"end":{"line":220,"column":8}}]},"22":{"line":235,"type":"if","locations":[{"start":{"line":235,"column":8},"end":{"line":235,"column":8}},{"start":{"line":235,"column":8},"end":{"line":235,"column":8}}]},"23":{"line":249,"type":"if","locations":[{"start":{"line":249,"column":8},"end":{"line":249,"column":8}},{"start":{"line":249,"column":8},"end":{"line":249,"column":8}}]},"24":{"line":251,"type":"if","locations":[{"start":{"line":251,"column":8},"end":{"line":251,"column":8}},{"start":{"line":251,"column":8},"end":{"line":251,"column":8}}]},"25":{"line":269,"type":"if","locations":[{"start":{"line":269,"column":8},"end":{"line":269,"column":8}},{"start":{"line":269,"column":8},"end":{"line":269,"column":8}}]}}},"contracts/mocks/MockAttacker.sol":{"l":{"34":1,"35":1,"36":1,"48":1,"50":1,"51":1,"52":1,"55":1,"56":1,"59":1,"62":1,"63":1,"65":1,"66":0,"68":1,"69":0,"72":1,"80":1,"81":1,"95":1,"106":1,"109":1,"112":1,"113":1,"114":1,"117":1,"123":1,"124":1,"127":1,"138":1,"141":1,"142":1,"143":1,"149":1,"150":1,"152":1,"163":0,"166":0,"168":0,"171":0,"172":0,"177":0,"186":0,"187":0,"189":0,"190":0,"198":0,"199":0,"201":0,"202":0,"204":0,"205":0,"213":1,"220":1},"path":"/Users/domoblock/Documents/Projycto/Lab/web3-mini-projects/01-defi-liquidity-pool/contracts/mocks/MockAttacker.sol","s":{"1":1,"2":1,"3":1,"4":1,"5":1,"6":1,"7":1,"8":1,"9":1,"10":1,"11":1,"12":1,"13":1,"14":1,"15":1,"16":1,"17":1,"18":1,"19":1,"20":1,"21":1,"22":1,"23":1,"24":1,"25":1,"26":1,"27":1,"28":0,"29":0,"30":0,"31":0,"32":0,"33":0,"34":0,"35":0,"36":0,"37":0,"38":0,"39":0,"40":0,"41":0,"42":0,"43":0,"44":1,"45":1},"b":{"1":[1,0],"2":[0,1],"3":[0,1],"4":[1,0],"5":[1,0],"6":[1,0],"7":[1,0],"8":[0,0],"9":[0,0],"10":[0,0],"11":[0,0],"12":[0,0]},"f":{"1":1,"2":1,"3":1,"4":1,"5":1,"6":0,"7":0,"8":0,"9":1,"10":1},"fnMap":{"1":{"name":"constructor","line":29,"loc":{"start":{"line":29,"column":4},"end":{"line":37,"column":4}}},"2":{"name":"flashLoanAttack","line":47,"loc":{"start":{"line":47,"column":4},"end":{"line":73,"column":4}}},"3":{"name":"receiveFlashLoan","line":79,"loc":{"start":{"line":79,"column":4},"end":{"line":96,"column":4}}},"4":{"name":"priceManipulationAttack","line":105,"loc":{"start":{"line":105,"column":4},"end":{"line":128,"column":4}}},"5":{"name":"sandwichAttack","line":137,"loc":{"start":{"line":137,"column":4},"end":{"line":153,"column":4}}},"6":{"name":"rebalanceManipulationAttack","line":161,"loc":{"start":{"line":161,"column":4},"end":{"line":178,"column":4}}},"7":{"name":"deposit","line":185,"loc":{"start":{"line":185,"column":4},"end":{"line":192,"column":4}}},"8":{"name":"withdraw","line":197,"loc":{"start":{"line":197,"column":4},"end":{"line":207,"column":4}}},"9":{"name":"getBalances","line":212,"loc":{"start":{"line":212,"column":4},"end":{"line":214,"column":4}}},"10":{"name":"getLastAttackProfit","line":219,"loc":{"start":{"line":219,"column":4},"end":{"line":221,"column":4}}}},"statementMap":{"1":{"start":{"line":48,"column":8},"end":{"line":48,"column":63}},"2":{"start":{"line":55,"column":8},"end":{"line":55,"column":65}},"3":{"start":{"line":56,"column":8},"end":{"line":56,"column":65}},"4":{"start":{"line":59,"column":8},"end":{"line":59,"column":39}},"5":{"start":{"line":62,"column":8},"end":{"line":62,"column":63}},"6":{"start":{"line":63,"column":8},"end":{"line":63,"column":63}},"7":{"start":{"line":65,"column":8},"end":{"line":65,"column":1910}},"8":{"start":{"line":68,"column":8},"end":{"line":68,"column":2022}},"9":{"start":{"line":80,"column":8},"end":{"line":80,"column":65}},"10":{"start":{"line":81,"column":8},"end":{"line":81,"column":57}},"11":{"start":{"line":95,"column":8},"end":{"line":95,"column":53}},"12":{"start":{"line":106,"column":8},"end":{"line":106,"column":85}},"13":{"start":{"line":109,"column":8},"end":{"line":109,"column":53}},"14":{"start":{"line":112,"column":8},"end":{"line":112,"column":50}},"15":{"start":{"line":113,"column":8},"end":{"line":113,"column":54}},"16":{"start":{"line":114,"column":8},"end":{"line":114,"column":75}},"17":{"start":{"line":117,"column":8},"end":{"line":117,"column":57}},"18":{"start":{"line":123,"column":8},"end":{"line":123,"column":47}},"19":{"start":{"line":124,"column":8},"end":{"line":124,"column":47}},"20":{"start":{"line":127,"column":8},"end":{"line":127,"column":73}},"21":{"start":{"line":138,"column":8},"end":{"line":138,"column":91}},"22":{"start":{"line":141,"column":8},"end":{"line":141,"column":58}},"23":{"start":{"line":142,"column":8},"end":{"line":142,"column":56}},"24":{"start":{"line":143,"column":8},"end":{"line":143,"column":82}},"25":{"start":{"line":149,"column":8},"end":{"line":149,"column":52}},"26":{"start":{"line":150,"column":8},"end":{"line":150,"column":52}},"27":{"start":{"line":152,"column":8},"end":{"line":152,"column":73}},"28":{"start":{"line":163,"column":8},"end":{"line":163,"column":65}},"29":{"start":{"line":166,"column":8},"end":{"line":166,"column":54}},"30":{"start":{"line":168,"column":8},"end":{"line":168,"column":85}},"31":{"start":{"line":171,"column":8},"end":{"line":171,"column":48}},"32":{"start":{"line":172,"column":8},"end":{"line":172,"column":48}},"33":{"start":{"line":177,"column":8},"end":{"line":177,"column":65}},"34":{"start":{"line":186,"column":8},"end":{"line":186,"column":6702}},"35":{"start":{"line":187,"column":12},"end":{"line":187,"column":70}},"36":{"start":{"line":189,"column":8},"end":{"line":189,"column":6812}},"37":{"start":{"line":190,"column":12},"end":{"line":190,"column":70}},"38":{"start":{"line":198,"column":8},"end":{"line":198,"column":58}},"39":{"start":{"line":199,"column":8},"end":{"line":199,"column":58}},"40":{"start":{"line":201,"column":8},"end":{"line":201,"column":7158}},"41":{"start":{"line":202,"column":12},"end":{"line":202,"column":52}},"42":{"start":{"line":204,"column":8},"end":{"line":204,"column":7251}},"43":{"start":{"line":205,"column":12},"end":{"line":205,"column":52}},"44":{"start":{"line":213,"column":8},"end":{"line":213,"column":81}},"45":{"start":{"line":220,"column":8},"end":{"line":220,"column":33}}},"branchMap":{"1":{"line":48,"type":"if","locations":[{"start":{"line":48,"column":8},"end":{"line":48,"column":8}},{"start":{"line":48,"column":8},"end":{"line":48,"column":8}}]},"2":{"line":65,"type":"if","locations":[{"start":{"line":65,"column":8},"end":{"line":65,"column":8}},{"start":{"line":65,"column":8},"end":{"line":65,"column":8}}]},"3":{"line":68,"type":"if","locations":[{"start":{"line":68,"column":8},"end":{"line":68,"column":8}},{"start":{"line":68,"column":8},"end":{"line":68,"column":8}}]},"4":{"line":80,"type":"if","locations":[{"start":{"line":80,"column":8},"end":{"line":80,"column":8}},{"start":{"line":80,"column":8},"end":{"line":80,"column":8}}]},"5":{"line":81,"type":"if","locations":[{"start":{"line":81,"column":8},"end":{"line":81,"column":8}},{"start":{"line":81,"column":8},"end":{"line":81,"column":8}}]},"6":{"line":106,"type":"if","locations":[{"start":{"line":106,"column":8},"end":{"line":106,"column":8}},{"start":{"line":106,"column":8},"end":{"line":106,"column":8}}]},"7":{"line":138,"type":"if","locations":[{"start":{"line":138,"column":8},"end":{"line":138,"column":8}},{"start":{"line":138,"column":8},"end":{"line":138,"column":8}}]},"8":{"line":168,"type":"if","locations":[{"start":{"line":168,"column":8},"end":{"line":168,"column":8}},{"start":{"line":168,"column":8},"end":{"line":168,"column":8}}]},"9":{"line":186,"type":"if","locations":[{"start":{"line":186,"column":8},"end":{"line":186,"column":8}},{"start":{"line":186,"column":8},"end":{"line":186,"column":8}}]},"10":{"line":189,"type":"if","locations":[{"start":{"line":189,"column":8},"end":{"line":189,"column":8}},{"start":{"line":189,"column":8},"end":{"line":189,"column":8}}]},"11":{"line":201,"type":"if","locations":[{"start":{"line":201,"column":8},"end":{"line":201,"column":8}},{"start":{"line":201,"column":8},"end":{"line":201,"column":8}}]},"12":{"line":204,"type":"if","locations":[{"start":{"line":204,"column":8},"end":{"line":204,"column":8}},{"start":{"line":204,"column":8},"end":{"line":204,"column":8}}]}}},"contracts/mocks/MockERC20.sol":{"l":{"23":2,"24":2,"33":0,"42":0,"50":0,"57":0,"67":0,"71":24,"72":24,"76":30,"77":30,"86":0,"87":0,"88":0,"90":0,"100":0,"101":0,"103":0},"path":"/Users/domoblock/Documents/Projycto/Lab/web3-mini-projects/01-defi-liquidity-pool/contracts/mocks/MockERC20.sol","s":{"1":2,"2":0,"3":0,"4":0,"5":0,"6":24,"7":24,"8":30,"9":30,"10":0,"11":0,"12":0,"13":0,"14":0,"15":0,"16":0,"17":0},"b":{"1":[0,0],"2":[0,0],"3":[0,0],"4":[24,0],"5":[30,0],"6":[0,0],"7":[0,0],"8":[0,0],"9":[0,0],"10":[0,0]},"f":{"1":2,"2":0,"3":0,"4":0,"5":0,"6":0,"7":24,"8":30,"9":0,"10":0},"fnMap":{"1":{"name":"constructor","line":22,"loc":{"start":{"line":16,"column":4},"end":{"line":25,"column":4}}},"2":{"name":"mint","line":32,"loc":{"start":{"line":32,"column":4},"end":{"line":34,"column":4}}},"3":{"name":"burn","line":41,"loc":{"start":{"line":41,"column":4},"end":{"line":43,"column":4}}},"4":{"name":"mintToSelf","line":49,"loc":{"start":{"line":49,"column":4},"end":{"line":51,"column":4}}},"5":{"name":"decimals","line":56,"loc":{"start":{"line":56,"column":4},"end":{"line":58,"column":4}}},"6":{"name":"setTransfersShouldFail","line":66,"loc":{"start":{"line":66,"column":4},"end":{"line":68,"column":4}}},"7":{"name":"transfer","line":70,"loc":{"start":{"line":70,"column":4},"end":{"line":73,"column":4}}},"8":{"name":"transferFrom","line":75,"loc":{"start":{"line":75,"column":4},"end":{"line":78,"column":4}}},"9":{"name":"setBalance","line":85,"loc":{"start":{"line":85,"column":4},"end":{"line":92,"column":4}}},"10":{"name":"transferOwnershipAndMint","line":99,"loc":{"start":{"line":99,"column":4},"end":{"line":104,"column":4}}}},"statementMap":{"1":{"start":{"line":24,"column":8},"end":{"line":24,"column":34}},"2":{"start":{"line":33,"column":8},"end":{"line":33,"column":24}},"3":{"start":{"line":42,"column":8},"end":{"line":42,"column":26}},"4":{"start":{"line":50,"column":8},"end":{"line":50,"column":32}},"5":{"start":{"line":57,"column":8},"end":{"line":57,"column":24}},"6":{"start":{"line":71,"column":8},"end":{"line":71,"column":81}},"7":{"start":{"line":72,"column":8},"end":{"line":72,"column":41}},"8":{"start":{"line":76,"column":8},"end":{"line":76,"column":81}},"9":{"start":{"line":77,"column":8},"end":{"line":77,"column":51}},"10":{"start":{"line":86,"column":8},"end":{"line":86,"column":51}},"11":{"start":{"line":87,"column":8},"end":{"line":87,"column":2609}},"12":{"start":{"line":88,"column":12},"end":{"line":88,"column":50}},"13":{"start":{"line":89,"column":15},"end":{"line":89,"column":2708}},"14":{"start":{"line":90,"column":12},"end":{"line":90,"column":50}},"15":{"start":{"line":100,"column":8},"end":{"line":100,"column":3091}},"16":{"start":{"line":101,"column":12},"end":{"line":101,"column":38}},"17":{"start":{"line":103,"column":8},"end":{"line":103,"column":35}}},"branchMap":{"1":{"line":32,"type":"if","locations":[{"start":{"line":32,"column":55},"end":{"line":32,"column":55}},{"start":{"line":32,"column":55},"end":{"line":32,"column":55}}]},"2":{"line":41,"type":"if","locations":[{"start":{"line":41,"column":57},"end":{"line":41,"column":57}},{"start":{"line":41,"column":57},"end":{"line":41,"column":57}}]},"3":{"line":66,"type":"if","locations":[{"start":{"line":66,"column":62},"end":{"line":66,"column":62}},{"start":{"line":66,"column":62},"end":{"line":66,"column":62}}]},"4":{"line":71,"type":"if","locations":[{"start":{"line":71,"column":8},"end":{"line":71,"column":8}},{"start":{"line":71,"column":8},"end":{"line":71,"column":8}}]},"5":{"line":76,"type":"if","locations":[{"start":{"line":76,"column":8},"end":{"line":76,"column":8}},{"start":{"line":76,"column":8},"end":{"line":76,"column":8}}]},"6":{"line":85,"type":"if","locations":[{"start":{"line":85,"column":66},"end":{"line":85,"column":66}},{"start":{"line":85,"column":66},"end":{"line":85,"column":66}}]},"7":{"line":87,"type":"if","locations":[{"start":{"line":87,"column":8},"end":{"line":87,"column":8}},{"start":{"line":87,"column":8},"end":{"line":87,"column":8}}]},"8":{"line":89,"type":"if","locations":[{"start":{"line":89,"column":15},"end":{"line":89,"column":15}},{"start":{"line":89,"column":15},"end":{"line":89,"column":15}}]},"9":{"line":99,"type":"if","locations":[{"start":{"line":99,"column":85},"end":{"line":99,"column":85}},{"start":{"line":99,"column":85},"end":{"line":99,"column":85}}]},"10":{"line":100,"type":"if","locations":[{"start":{"line":100,"column":8},"end":{"line":100,"column":8}},{"start":{"line":100,"column":8},"end":{"line":100,"column":8}}]}}}}