TN:
SF:/Users/domoblock/Documents/Projycto/Lab/web3-mini-projects/01-defi-liquidity-pool/contracts/DeFiLiquidityPool.sol
FN:62,noFrontRun
FN:73,notInEmergency
FN:86,constructor
FN:110,addLiquidity
FN:152,removeLiquidity
FN:190,swap
FN:241,_updateDynamicFees
FN:262,_checkAndTriggerRebalance
FN:281,_executeRebalance
FN:302,getCurrentPrice
FN:317,flashLoan
FN:352,activateEmergencyMode
FN:360,pause
FN:367,unpause
FN:376,updateOraclePrice
FN:386,withdrawFees
FN:402,setMEVProtection
FN:412,getReserves
FN:419,getAmountOut
FN:435,getUserInfo
FNF:20
FNH:14
FNDA:12,noFrontRun
FNDA:23,notInEmergency
FNDA:1,constructor
FNDA:10,addLiquidity
FNDA:0,removeLiquidity
FNDA:11,swap
FNDA:11,_updateDynamicFees
FNDA:10,_checkAndTriggerRebalance
FNDA:0,_executeRebalance
FNDA:18,getCurrentPrice
FNDA:1,flashLoan
FNDA:1,activateEmergencyMode
FNDA:0,pause
FNDA:0,unpause
FNDA:0,updateOraclePrice
FNDA:0,withdrawFees
FNDA:3,setMEVProtection
FNDA:4,getReserves
FNDA:1,getAmountOut
FNDA:1,getUserInfo
DA:63,12
DA:64,2
DA:69,11
DA:70,11
DA:74,23
DA:75,22
DA:87,1
DA:88,1
DA:89,1
DA:91,1
DA:92,1
DA:93,1
DA:94,1
DA:111,10
DA:114,10
DA:115,10
DA:118,10
DA:119,10
DA:120,10
DA:122,0
DA:128,10
DA:129,10
DA:132,10
DA:133,10
DA:134,10
DA:135,10
DA:137,10
DA:153,0
DA:154,0
DA:157,0
DA:158,0
DA:159,0
DA:161,0
DA:162,0
DA:165,0
DA:166,0
DA:167,0
DA:168,0
DA:171,0
DA:172,0
DA:174,0
DA:191,11
DA:192,11
DA:195,11
DA:198,11
DA:199,11
DA:200,11
DA:203,11
DA:204,11
DA:206,11
DA:207,11
DA:210,11
DA:211,11
DA:214,10
DA:217,10
DA:218,10
DA:219,8
DA:220,8
DA:221,8
DA:222,8
DA:224,2
DA:225,2
DA:226,2
DA:227,2
DA:231,10
DA:233,10
DA:243,11
DA:244,11
DA:247,11
DA:250,11
DA:251,11
DA:253,11
DA:254,10
DA:255,10
DA:263,10
DA:265,0
DA:268,0
DA:269,0
DA:273,0
DA:274,0
DA:283,0
DA:284,0
DA:287,0
DA:288,0
DA:290,0
DA:291,0
DA:293,0
DA:295,0
DA:303,18
DA:304,18
DA:318,1
DA:320,1
DA:324,1
DA:327,1
DA:328,1
DA:330,0
DA:334,1
DA:340,1
DA:344,1
DA:353,1
DA:354,1
DA:361,0
DA:368,0
DA:377,0
DA:378,0
DA:379,0
DA:380,0
DA:387,0
DA:388,0
DA:390,0
DA:391,0
DA:393,0
DA:394,0
DA:403,3
DA:404,3
DA:413,4
DA:423,1
DA:425,1
DA:426,1
DA:428,1
DA:429,1
DA:441,1
DA:443,1
DA:444,1
DA:445,1
DA:446,1
LF:126
LH:85
BRDA:63,1,0,2
BRDA:63,1,1,10
BRDA:64,2,0,1
BRDA:64,2,1,1
BRDA:74,3,0,22
BRDA:74,3,1,1
BRDA:87,4,0,1
BRDA:87,4,1,0
BRDA:88,5,0,1
BRDA:88,5,1,0
BRDA:89,6,0,1
BRDA:89,6,1,0
BRDA:110,7,0,10
BRDA:110,7,1,0
BRDA:110,8,0,10
BRDA:110,8,1,0
BRDA:110,9,0,10
BRDA:110,9,1,0
BRDA:111,10,0,10
BRDA:111,10,1,0
BRDA:118,11,0,10
BRDA:118,11,1,0
BRDA:128,12,0,10
BRDA:128,12,1,0
BRDA:129,13,0,10
BRDA:129,13,1,0
BRDA:152,14,0,0
BRDA:152,14,1,0
BRDA:153,15,0,0
BRDA:153,15,1,0
BRDA:154,16,0,0
BRDA:154,16,1,0
BRDA:161,17,0,0
BRDA:161,17,1,0
BRDA:162,18,0,0
BRDA:162,18,1,0
BRDA:190,19,0,13
BRDA:190,19,1,0
BRDA:190,20,0,13
BRDA:190,20,1,0
BRDA:190,21,0,12
BRDA:190,21,1,1
BRDA:190,22,0,11
BRDA:190,22,1,1
BRDA:191,23,0,11
BRDA:191,23,1,0
BRDA:192,24,0,11
BRDA:192,24,1,0
BRDA:192,25,0,9
BRDA:192,25,1,2
BRDA:199,26,0,9
BRDA:199,26,1,2
BRDA:200,27,0,9
BRDA:200,27,1,2
BRDA:206,28,0,11
BRDA:206,28,1,0
BRDA:207,29,0,11
BRDA:207,29,1,0
BRDA:211,30,0,10
BRDA:211,30,1,1
BRDA:218,31,0,8
BRDA:218,31,1,2
BRDA:245,32,0,4
BRDA:245,32,1,7
BRDA:251,33,0,2
BRDA:251,33,1,9
BRDA:253,34,0,10
BRDA:253,34,1,1
BRDA:263,35,0,10
BRDA:263,35,1,0
BRDA:270,36,0,0
BRDA:270,36,1,0
BRDA:273,37,0,0
BRDA:273,37,1,0
BRDA:303,38,0,0
BRDA:303,38,1,18
BRDA:317,39,0,1
BRDA:317,39,1,0
BRDA:318,40,0,1
BRDA:318,40,1,0
BRDA:321,41,0,1
BRDA:321,41,1,0
BRDA:324,42,0,1
BRDA:324,42,1,0
BRDA:327,43,0,1
BRDA:327,43,1,0
BRDA:341,44,0,1
BRDA:341,44,1,0
BRDA:344,45,0,1
BRDA:344,45,1,0
BRDA:352,46,0,1
BRDA:352,46,1,0
BRDA:360,47,0,0
BRDA:360,47,1,0
BRDA:367,48,0,0
BRDA:367,48,1,0
BRDA:376,49,0,0
BRDA:376,49,1,0
BRDA:377,50,0,0
BRDA:377,50,1,0
BRDA:386,51,0,0
BRDA:386,51,1,0
BRDA:393,52,0,0
BRDA:393,52,1,0
BRDA:394,53,0,0
BRDA:394,53,1,0
BRDA:402,54,0,3
BRDA:402,54,1,0
BRDA:423,55,0,1
BRDA:423,55,1,0
BRDA:425,56,0,1
BRDA:425,56,1,0
BRDA:426,57,0,1
BRDA:426,57,1,0
BRDA:443,58,0,1
BRDA:443,58,1,0
BRF:116
BRH:57
end_of_record
TN:
SF:/Users/domoblock/Documents/Projycto/Lab/web3-mini-projects/01-defi-liquidity-pool/contracts/interfaces/ILiquidityPool.sol
FNF:0
FNH:0
LF:0
LH:0
BRF:0
BRH:0
end_of_record
TN:
SF:/Users/domoblock/Documents/Projycto/Lab/web3-mini-projects/01-defi-liquidity-pool/contracts/libraries/LiquidityMath.sol
FN:24,getAmountOut
FN:44,getAmountIn
FN:67,calculatePriceImpact
FN:101,getPrice
FN:116,sqrt
FN:135,min
FN:145,max
FN:160,calculateOptimalLiquidity
FN:185,calculateImpermanentLoss
FN:214,calculateFeeAPR
FN:234,safeMul
FN:245,calculateSlippage
FN:265,calculateCapitalEfficiency
FNF:13
FNH:3
FNDA:23,getAmountOut
FNDA:0,getAmountIn
FNDA:11,calculatePriceImpact
FNDA:0,getPrice
FNDA:10,sqrt
FNDA:0,min
FNDA:0,max
FNDA:0,calculateOptimalLiquidity
FNDA:0,calculateImpermanentLoss
FNDA:0,calculateFeeAPR
FNDA:0,safeMul
FNDA:0,calculateSlippage
FNDA:0,calculateCapitalEfficiency
DA:29,23
DA:30,23
DA:32,23
DA:33,23
DA:34,23
DA:49,0
DA:50,0
DA:51,0
DA:53,0
DA:54,0
DA:55,0
DA:72,11
DA:73,11
DA:76,11
DA:79,11
DA:80,11
DA:81,11
DA:83,11
DA:85,11
DA:88,11
DA:89,0
DA:91,11
DA:105,0
DA:106,0
DA:117,10
DA:118,10
DA:119,10
DA:120,10
DA:121,750
DA:122,750
DA:125,0
DA:136,0
DA:146,0
DA:166,0
DA:167,0
DA:170,0
DA:171,0
DA:172,0
DA:174,0
DA:175,0
DA:189,0
DA:190,0
DA:193,0
DA:194,0
DA:195,0
DA:196,0
DA:198,0
DA:200,0
DA:201,0
DA:203,0
DA:219,0
DA:220,0
DA:223,0
DA:224,0
DA:225,0
DA:235,0
DA:236,0
DA:249,0
DA:251,0
DA:252,0
DA:255,0
DA:256,0
DA:269,0
DA:270,0
LF:64
LH:21
BRDA:29,1,0,23
BRDA:29,1,1,0
BRDA:30,2,0,23
BRDA:30,2,1,0
BRDA:49,3,0,0
BRDA:49,3,1,0
BRDA:50,4,0,0
BRDA:50,4,1,0
BRDA:51,5,0,0
BRDA:51,5,1,0
BRDA:72,6,0,11
BRDA:72,6,1,0
BRDA:73,7,0,11
BRDA:73,7,1,0
BRDA:83,8,0,0
BRDA:83,8,1,11
BRDA:88,9,0,0
BRDA:88,9,1,11
BRDA:105,10,0,0
BRDA:105,10,1,0
BRDA:117,11,0,10
BRDA:117,11,1,0
BRDA:124,12,0,0
BRDA:124,12,1,0
BRDA:136,13,0,0
BRDA:136,13,1,0
BRDA:146,14,0,0
BRDA:146,14,1,0
BRDA:166,15,0,0
BRDA:166,15,1,0
BRDA:171,16,0,0
BRDA:171,16,1,0
BRDA:189,17,0,0
BRDA:189,17,1,0
BRDA:190,18,0,0
BRDA:190,18,1,0
BRDA:200,19,0,0
BRDA:200,19,1,0
BRDA:219,20,0,0
BRDA:219,20,1,0
BRDA:220,21,0,0
BRDA:220,21,1,0
BRDA:235,22,0,0
BRDA:235,22,1,0
BRDA:249,23,0,0
BRDA:249,23,1,0
BRDA:251,24,0,0
BRDA:251,24,1,0
BRDA:269,25,0,0
BRDA:269,25,1,0
BRF:50
BRH:7
end_of_record
TN:
SF:/Users/domoblock/Documents/Projycto/Lab/web3-mini-projects/01-defi-liquidity-pool/contracts/mocks/MockAttacker.sol
FN:29,constructor
FN:47,flashLoanAttack
FN:79,receiveFlashLoan
FN:105,priceManipulationAttack
FN:137,sandwichAttack
FN:161,rebalanceManipulationAttack
FN:185,deposit
FN:197,withdraw
FN:212,getBalances
FN:219,getLastAttackProfit
FNF:10
FNH:7
FNDA:1,constructor
FNDA:1,flashLoanAttack
FNDA:1,receiveFlashLoan
FNDA:1,priceManipulationAttack
FNDA:1,sandwichAttack
FNDA:0,rebalanceManipulationAttack
FNDA:0,deposit
FNDA:0,withdraw
FNDA:1,getBalances
FNDA:1,getLastAttackProfit
DA:34,1
DA:35,1
DA:36,1
DA:48,1
DA:50,1
DA:51,1
DA:52,1
DA:55,1
DA:56,1
DA:59,1
DA:62,1
DA:63,1
DA:65,1
DA:66,0
DA:68,1
DA:69,0
DA:72,1
DA:80,1
DA:81,1
DA:95,1
DA:106,1
DA:109,1
DA:112,1
DA:113,1
DA:114,1
DA:117,1
DA:123,1
DA:124,1
DA:127,1
DA:138,1
DA:141,1
DA:142,1
DA:143,1
DA:149,1
DA:150,1
DA:152,1
DA:163,0
DA:166,0
DA:168,0
DA:171,0
DA:172,0
DA:177,0
DA:186,0
DA:187,0
DA:189,0
DA:190,0
DA:198,0
DA:199,0
DA:201,0
DA:202,0
DA:204,0
DA:205,0
DA:213,1
DA:220,1
LF:54
LH:36
BRDA:48,1,0,1
BRDA:48,1,1,0
BRDA:65,2,0,0
BRDA:65,2,1,1
BRDA:68,3,0,0
BRDA:68,3,1,1
BRDA:80,4,0,1
BRDA:80,4,1,0
BRDA:81,5,0,1
BRDA:81,5,1,0
BRDA:106,6,0,1
BRDA:106,6,1,0
BRDA:138,7,0,1
BRDA:138,7,1,0
BRDA:168,8,0,0
BRDA:168,8,1,0
BRDA:186,9,0,0
BRDA:186,9,1,0
BRDA:189,10,0,0
BRDA:189,10,1,0
BRDA:201,11,0,0
BRDA:201,11,1,0
BRDA:204,12,0,0
BRDA:204,12,1,0
BRF:24
BRH:7
end_of_record
TN:
SF:/Users/domoblock/Documents/Projycto/Lab/web3-mini-projects/01-defi-liquidity-pool/contracts/mocks/MockERC20.sol
FN:22,constructor
FN:32,mint
FN:41,burn
FN:49,mintToSelf
FN:56,decimals
FN:66,setTransfersShouldFail
FN:70,transfer
FN:75,transferFrom
FN:85,setBalance
FN:99,transferOwnershipAndMint
FNF:10
FNH:3
FNDA:2,constructor
FNDA:0,mint
FNDA:0,burn
FNDA:0,mintToSelf
FNDA:0,decimals
FNDA:0,setTransfersShouldFail
FNDA:24,transfer
FNDA:30,transferFrom
FNDA:0,setBalance
FNDA:0,transferOwnershipAndMint
DA:23,2
DA:24,2
DA:33,0
DA:42,0
DA:50,0
DA:57,0
DA:67,0
DA:71,24
DA:72,24
DA:76,30
DA:77,30
DA:86,0
DA:87,0
DA:88,0
DA:90,0
DA:100,0
DA:101,0
DA:103,0
LF:18
LH:6
BRDA:32,1,0,0
BRDA:32,1,1,0
BRDA:41,2,0,0
BRDA:41,2,1,0
BRDA:66,3,0,0
BRDA:66,3,1,0
BRDA:71,4,0,24
BRDA:71,4,1,0
BRDA:76,5,0,30
BRDA:76,5,1,0
BRDA:85,6,0,0
BRDA:85,6,1,0
BRDA:87,7,0,0
BRDA:87,7,1,0
BRDA:89,8,0,0
BRDA:89,8,1,0
BRDA:99,9,0,0
BRDA:99,9,1,0
BRDA:100,10,0,0
BRDA:100,10,1,0
BRF:20
BRH:2
end_of_record
